
**** Build of configuration Debug for project Milestone ****

"D:\\Embedded\\ccsv7\\utils\\bin\\gmake" -k -j 4 all -O 
'Building file: ../main.c'
'Invoking: MSP430 Compiler'
"D:/Embedded/ccsv7/tools/compiler/ti-cgt-msp430_16.9.3.LTS/bin/cl430" -vmspx --data_model=restricted --use_hw_mpy=F5 --include_path="D:/Embedded/ccsv7/ccs_base/msp430/include" --include_path="D:/Embedded/Labs/milestone-1-communicating-with-will-byers-git-your-own-team-name/MSP430FR5994/Milestone" --include_path="D:/Embedded/ccsv7/tools/compiler/ti-cgt-msp430_16.9.3.LTS/include" --advice:power=all --advice:hw_config=all --define=__MSP430FR5994__ --define=_MPU_ENABLE -g --printf_support=minimal --diag_warning=225 --diag_wrap=off --display_error_number --silicon_errata=CPU21 --silicon_errata=CPU22 --silicon_errata=CPU40 --preproc_with_compile --preproc_dependency="main.d"  "../main.c"

>> Compilation failure
subdir_rules.mk:9: recipe for target 'main.obj' failed
"../main.c", line 15: remark #1530-D: (ULP 5.1) Detected divide operation(s). Recommend moving them to RAM during run time or not using as these are processing/power intensive
"../main.c", line 28: error #20: identifier "CCR0" is undefined
"../main.c", line 29: error #20: identifier "CCR4" is undefined
"../main.c", line 30: error #20: identifier "CCR5" is undefined
"../main.c", line 31: error #20: identifier "CCR6" is undefined
"../main.c", line 33: error #20: identifier "CCTL4" is undefined
"../main.c", line 34: error #20: identifier "CCTL5" is undefined
"../main.c", line 80: remark #1528-D: (ULP 3.1) Detected flag polling using UCA0IFG. Recommend using an interrupt combined with enter LPMx and ISR
"../main.c", line 86: warning #225-D: function "elseif" declared implicitly
"../main.c", line 86: error #66: expected a ";"
"../main.c", line 110: warning #12-D: parsing restarts here after previous syntax error
At end of source: error #68: expected a "}"
"../main.c", line 86: remark #1538-D: (ULP 10.1) ISR USCI_A0_ISR calls function elseif. Recommend moving function call away from ISR, or inlining the function, or using pragmas
8 errors detected in the compilation of "../main.c".
gmake: *** [main.obj] Error 1
gmake: Target 'all' not remade because of errors.

**** Build Finished ****

**** Build of configuration Debug for project Milestone ****

"D:\\Embedded\\ccsv7\\utils\\bin\\gmake" -k -j 4 all -O 
'Building file: ../main.c'
'Invoking: MSP430 Compiler'
"D:/Embedded/ccsv7/tools/compiler/ti-cgt-msp430_16.9.3.LTS/bin/cl430" -vmspx --data_model=restricted --use_hw_mpy=F5 --include_path="D:/Embedded/ccsv7/ccs_base/msp430/include" --include_path="D:/Embedded/Labs/milestone-1-communicating-with-will-byers-git-your-own-team-name/MSP430FR5994/Milestone" --include_path="D:/Embedded/ccsv7/tools/compiler/ti-cgt-msp430_16.9.3.LTS/include" --advice:power=all --advice:hw_config=all --define=__MSP430FR5994__ --define=_MPU_ENABLE -g --printf_support=minimal --diag_warning=225 --diag_wrap=off --display_error_number --silicon_errata=CPU21 --silicon_errata=CPU22 --silicon_errata=CPU40 --preproc_with_compile --preproc_dependency="main.d"  "../main.c"

>> Compilation failure
subdir_rules.mk:9: recipe for target 'main.obj' failed
"../main.c", line 15: remark #1530-D: (ULP 5.1) Detected divide operation(s). Recommend moving them to RAM during run time or not using as these are processing/power intensive
"../main.c", line 29: error #20: identifier "TA0CCR4" is undefined
"../main.c", line 30: error #20: identifier "TA0CCR5" is undefined
"../main.c", line 31: error #20: identifier "TA0CCR6" is undefined
"../main.c", line 33: error #20: identifier "TA0CCTL4" is undefined
"../main.c", line 34: error #20: identifier "TA0CCTL5" is undefined
"../main.c", line 80: remark #1528-D: (ULP 3.1) Detected flag polling using UCA0IFG. Recommend using an interrupt combined with enter LPMx and ISR
"../main.c", line 88: error #20: identifier "TA0CCR4" is undefined
"../main.c", line 92: error #20: identifier "TA0CCR5" is undefined
"../main.c", line 96: error #20: identifier "TA0CCR6" is undefined
"../main.c", line 97: error #128: expected a statement
"../main.c", line 103: warning #12-D: parsing restarts here after previous syntax error
At end of source: error #68: expected a "}"
10 errors detected in the compilation of "../main.c".
gmake: *** [main.obj] Error 1
gmake: Target 'all' not remade because of errors.

**** Build Finished ****

**** Build of configuration Debug for project Milestone ****

"D:\\Embedded\\ccsv7\\utils\\bin\\gmake" -k -j 4 all -O 
'Building file: ../main.c'
'Invoking: MSP430 Compiler'
"D:/Embedded/ccsv7/tools/compiler/ti-cgt-msp430_16.9.3.LTS/bin/cl430" -vmspx --data_model=restricted --use_hw_mpy=F5 --include_path="D:/Embedded/ccsv7/ccs_base/msp430/include" --include_path="D:/Embedded/Labs/milestone-1-communicating-with-will-byers-git-your-own-team-name/MSP430FR5994/Milestone" --include_path="D:/Embedded/ccsv7/tools/compiler/ti-cgt-msp430_16.9.3.LTS/include" --advice:power=all --advice:hw_config=all --define=__MSP430FR5994__ --define=_MPU_ENABLE -g --printf_support=minimal --diag_warning=225 --diag_wrap=off --display_error_number --silicon_errata=CPU21 --silicon_errata=CPU22 --silicon_errata=CPU40 --preproc_with_compile --preproc_dependency="main.d"  "../main.c"

>> Compilation failure
subdir_rules.mk:9: recipe for target 'main.obj' failed
"../main.c", line 15: remark #1530-D: (ULP 5.1) Detected divide operation(s). Recommend moving them to RAM during run time or not using as these are processing/power intensive
"../main.c", line 31: error #20: identifier "TA0CCR3" is undefined
"../main.c", line 35: error #20: identifier "TA0CCTL3" is undefined
"../main.c", line 80: remark #1528-D: (ULP 3.1) Detected flag polling using UCA0IFG. Recommend using an interrupt combined with enter LPMx and ISR
"../main.c", line 96: error #20: identifier "TA0CCR3" is undefined
"../main.c", line 97: error #128: expected a statement
"../main.c", line 103: warning #12-D: parsing restarts here after previous syntax error
At end of source: error #68: expected a "}"
5 errors detected in the compilation of "../main.c".
gmake: *** [main.obj] Error 1
gmake: Target 'all' not remade because of errors.

**** Build Finished ****

**** Build of configuration Debug for project Milestone ****

"D:\\Embedded\\ccsv7\\utils\\bin\\gmake" -k -j 4 all -O 
'Building file: ../main.c'
'Invoking: MSP430 Compiler'
"D:/Embedded/ccsv7/tools/compiler/ti-cgt-msp430_16.9.3.LTS/bin/cl430" -vmspx --data_model=restricted --use_hw_mpy=F5 --include_path="D:/Embedded/ccsv7/ccs_base/msp430/include" --include_path="D:/Embedded/Labs/milestone-1-communicating-with-will-byers-git-your-own-team-name/MSP430FR5994/Milestone" --include_path="D:/Embedded/ccsv7/tools/compiler/ti-cgt-msp430_16.9.3.LTS/include" --advice:power=all --advice:hw_config=all --define=__MSP430FR5994__ --define=_MPU_ENABLE -g --printf_support=minimal --diag_warning=225 --diag_wrap=off --display_error_number --silicon_errata=CPU21 --silicon_errata=CPU22 --silicon_errata=CPU40 --preproc_with_compile --preproc_dependency="main.d"  "../main.c"

>> Compilation failure
subdir_rules.mk:9: recipe for target 'main.obj' failed
"../main.c", line 15: remark #1530-D: (ULP 5.1) Detected divide operation(s). Recommend moving them to RAM during run time or not using as these are processing/power intensive
"../main.c", line 80: remark #1528-D: (ULP 3.1) Detected flag polling using UCA0IFG. Recommend using an interrupt combined with enter LPMx and ISR
"../main.c", line 97: error #128: expected a statement
"../main.c", line 103: warning #12-D: parsing restarts here after previous syntax error
At end of source: error #68: expected a "}"
2 errors detected in the compilation of "../main.c".
gmake: *** [main.obj] Error 1
gmake: Target 'all' not remade because of errors.

**** Build Finished ****

**** Build of configuration Debug for project Milestone ****

"D:\\Embedded\\ccsv7\\utils\\bin\\gmake" -k -j 4 all -O 
'Building file: ../main.c'
'Invoking: MSP430 Compiler'
"D:/Embedded/ccsv7/tools/compiler/ti-cgt-msp430_16.9.3.LTS/bin/cl430" -vmspx --data_model=restricted --use_hw_mpy=F5 --include_path="D:/Embedded/ccsv7/ccs_base/msp430/include" --include_path="D:/Embedded/Labs/milestone-1-communicating-with-will-byers-git-your-own-team-name/MSP430FR5994/Milestone" --include_path="D:/Embedded/ccsv7/tools/compiler/ti-cgt-msp430_16.9.3.LTS/include" --advice:power=all --advice:hw_config=all --define=__MSP430FR5994__ --define=_MPU_ENABLE -g --printf_support=minimal --diag_warning=225 --diag_wrap=off --display_error_number --silicon_errata=CPU21 --silicon_errata=CPU22 --silicon_errata=CPU40 --preproc_with_compile --preproc_dependency="main.d"  "../main.c"
"../main.c", line 15: remark #1530-D: (ULP 5.1) Detected divide operation(s). Recommend moving them to RAM during run time or not using as these are processing/power intensive
"../main.c", line 80: remark #1528-D: (ULP 3.1) Detected flag polling using UCA0IFG. Recommend using an interrupt combined with enter LPMx and ISR
"../main.c", line 12 (col. 7): remark #1531-D: (ULP 5.2) Detected floating point operation(s). Recommend moving them to RAM during run time or not using as these are processing/power intensive
"../main.c", line 15 (col. 10): remark #1531-D: (ULP 5.2) Detected floating point operation(s). Recommend moving them to RAM during run time or not using as these are processing/power intensive
"../main.c", line 16 (col. 11): remark #1531-D: (ULP 5.2) Detected floating point operation(s). Recommend moving them to RAM during run time or not using as these are processing/power intensive
'Finished building: ../main.c'
' '
'Building target: Milestone.out'
'Invoking: MSP430 Linker'
"D:/Embedded/ccsv7/tools/compiler/ti-cgt-msp430_16.9.3.LTS/bin/cl430" -vmspx --data_model=restricted --use_hw_mpy=F5 --advice:power=all --advice:hw_config=all --define=__MSP430FR5994__ --define=_MPU_ENABLE -g --printf_support=minimal --diag_warning=225 --diag_wrap=off --display_error_number --silicon_errata=CPU21 --silicon_errata=CPU22 --silicon_errata=CPU40 -z -m"Milestone.map" --heap_size=160 --stack_size=160 --cinit_hold_wdt=on -i"D:/Embedded/ccsv7/ccs_base/msp430/include" -i"D:/Embedded/ccsv7/ccs_base/msp430/lib/5xx_6xx_FRxx" -i"D:/Embedded/ccsv7/ccs_base/msp430/lib/FR59xx" -i"D:/Embedded/ccsv7/tools/compiler/ti-cgt-msp430_16.9.3.LTS/lib" -i"D:/Embedded/ccsv7/tools/compiler/ti-cgt-msp430_16.9.3.LTS/include" --priority --reread_libs --diag_wrap=off --display_error_number --warn_sections --xml_link_info="Milestone_linkInfo.xml" --use_hw_mpy=F5 --rom_model -o "Milestone.out" "./main.obj" "../lnk_msp430fr5994.cmd"  -llibmpu_init.a -llibmath.a -llibc.a 
<Linking>
warning #10421-D: For FRAM devices running at higher than 8MHz, FRAM waitstate needs to be configured accordingly.
remark #10372-D: (ULP 4.1) Detected uninitialized Port 2 in this project. Recommend initializing all unused ports to eliminate wasted current consumption on unused pins.
remark #10372-D: (ULP 4.1) Detected uninitialized Port 3 in this project. Recommend initializing all unused ports to eliminate wasted current consumption on unused pins.
remark #10372-D: (ULP 4.1) Detected uninitialized Port 4 in this project. Recommend initializing all unused ports to eliminate wasted current consumption on unused pins.
remark #10372-D: (ULP 4.1) Detected uninitialized Port 5 in this project. Recommend initializing all unused ports to eliminate wasted current consumption on unused pins.
remark #10372-D: (ULP 4.1) Detected uninitialized Port 6 in this project. Recommend initializing all unused ports to eliminate wasted current consumption on unused pins.
remark #10372-D: (ULP 4.1) Detected uninitialized Port 7 in this project. Recommend initializing all unused ports to eliminate wasted current consumption on unused pins.
remark #10372-D: (ULP 4.1) Detected uninitialized Port 8 in this project. Recommend initializing all unused ports to eliminate wasted current consumption on unused pins.
remark #10372-D: (ULP 4.1) Detected uninitialized Port A in this project. Recommend initializing all unused ports to eliminate wasted current consumption on unused pins.
remark #10372-D: (ULP 4.1) Detected uninitialized Port B in this project. Recommend initializing all unused ports to eliminate wasted current consumption on unused pins.
remark #10372-D: (ULP 4.1) Detected uninitialized Port C in this project. Recommend initializing all unused ports to eliminate wasted current consumption on unused pins.
remark #10372-D: (ULP 4.1) Detected uninitialized Port D in this project. Recommend initializing all unused ports to eliminate wasted current consumption on unused pins.
remark #10436-D: (ULP 6.3) Detected use of a device with a Low Energy Accelerator (LEA) but application does not appear to use LEA. Recommend offloading vector math and signal processing to LEA for improved performance.
'Finished building target: Milestone.out'
' '

**** Build Finished ****
